<?xml version="1.0"?>

<project name="test-cactus" basedir="." default="setup">

  <target name="testWarFileNotSet">
    <cactus/>
  </target>

  <target name="testWarFileNotExisting">
    <cactus warfile="idontexist.war"/>
  </target>

  <target name="testWarFileNotCactified">
    <cactus warfile="empty.war"/>
  </target>

  <target name="testEarFileEmpty">
    <cactus earfile="empty.ear"/>
  </target>

  <target name="testEarFileNotCactified">
    <cactus earfile="notcactified.ear"/>
  </target>

</project>
