<?xml version="1.0"?>
<!--
   Licensed to the Apache Software Foundation (ASF) under one or more
   contributor license agreements.  See the NOTICE file distributed with
   this work for additional information regarding copyright ownership.
   The ASF licenses this file to You under the Apache License, Version 2.0
   (the "License"); you may not use this file except in compliance with
   the License.  You may obtain a copy of the License at
 
       http://www.apache.org/licenses/LICENSE-2.0
 
   Unless required by applicable law or agreed to in writing, software
   distributed under the License is distributed on an "AS IS" BASIS,
   WITHOUT WARRANTIES OR CONDITIONS OF ANY KIND, either express or implied.
   See the License for the specific language governing permissions and
   limitations under the License.
-->

<project name="test-cactustest" basedir="." default="setup">
  <property name="src.dir" location="${basedir}/src/test-input/org/apache/cactus/integration/ant/"/>
  <target name="testNeitherWarFileNorEarFileSet">
    <cactustests/>
  </target>

  <target name="testWarFileNotExisting">
    <cactustests runlocal="true" warfile="${src.dir}/idontexist.war"/>
  </target>

  <target name="testWarFileNotCactified">
    <cactustests runlocal="true" warfile="${src.dir}/empty.war"/>
  </target>

  <target name="testWarFileCactified">
    <cactustests runlocal="true" warfile="${src.dir}/cactified.war"/>
  </target>

  <target name="testEarFileEmpty">
    <cactustests runlocal="true" earfile="${src.dir}/empty.ear"/>
  </target>

  <target name="testEarFileNotCactified">
    <cactustests runlocal="true" earfile="${src.dir}/notcactified.ear"/>
  </target>

  <target name="testEarFileCactified">
    <cactustests runlocal="true" earfile="${src.dir}/cactified.ear"/>
  </target>

</project>
