<?xml version="1.0"?>
<!--
   Licensed to the Apache Software Foundation (ASF) under one or more
   contributor license agreements.  See the NOTICE file distributed with
   this work for additional information regarding copyright ownership.
   The ASF licenses this file to You under the Apache License, Version 2.0
   (the "License"); you may not use this file except in compliance with
   the License.  You may obtain a copy of the License at
 
       http://www.apache.org/licenses/LICENSE-2.0
 
   Unless required by applicable law or agreed to in writing, software
   distributed under the License is distributed on an "AS IS" BASIS,
   WITHOUT WARRANTIES OR CONDITIONS OF ANY KIND, either express or implied.
   See the License for the specific language governing permissions and
   limitations under the License.
-->

<project name="test-cactifywar" basedir="." default="help">

  <property name="work.dir" location="${basedir}/target/work"/>
  <property name="src.dir" location="${basedir}/src/test-input/org/apache/cactus/integration/ant/"/>
  <target name="setUp">
    <mkdir dir="${work.dir}"/>
  </target>

  <target name="testNeitherSrcFileNorVersionSet">
    <cactifywar destfile="${work.dir}/destfile.war"/>
  </target>

  <target name="testDestFileNotSet">
    <cactifywar srcfile="${src.dir}/empty.war"/>
  </target>

  <target name="testSrcFileWithoutWebXml">
    <cactifywar srcfile="${src.dir}/nowebxml.war"
        destfile="${work.dir}/destfile.war"/>
  </target>

  <target name="testSrcFileWithoutWebXmlNewWebXml22">
    <cactifywar srcfile="${src.dir}/nowebxml.war" version="2.2"
        destfile="${work.dir}/destfile.war"/>
  </target>
  
  <target name="testSrcFileWithoutWebXmlNewWebXml23">
    <cactifywar srcfile="${src.dir}/nowebxml.war" version="2.3"
        destfile="${work.dir}/destfile.war"/>
  </target>
  
  <target name="testDefaultRedirectorsNoDoctype">
    <cactifywar srcfile="${src.dir}/empty.war"
        destfile="${work.dir}/destfile.war"/>
  </target>

  <target name="testDefaultRedirectors22Doctype">
    <cactifywar srcfile="${src.dir}/empty-2_2.war"
        destfile="${work.dir}/destfile.war"/>
  </target>

  <target name="testDefaultRedirectors23Doctype">
    <cactifywar srcfile="${src.dir}/empty-2_3.war"
        destfile="${work.dir}/destfile.war"/>
  </target>

  <target name="testDefaultRedirectorsNewWar22">
    <cactifywar version="2.2"
        destfile="${work.dir}/destfile.war"/>
  </target>

  <target name="testDefaultRedirectorsNewWar23">
    <cactifywar version="2.3"
        destfile="${work.dir}/destfile.war"/>
  </target>

  <target name="testCustomServletRedirectorMapping">
    <cactifywar srcfile="${src.dir}/empty-2_3.war"
        destfile="${work.dir}/destfile.war">
      <servletredirector mapping="/test/servletRedirector"/>
    </cactifywar>
  </target>

  <target name="testCustomJspRedirectorMapping">
    <cactifywar srcfile="${src.dir}/empty-2_3.war"
        destfile="${work.dir}/destfile.war">
      <jspredirector mapping="/test/jspRedirector"/>
    </cactifywar>
  </target>

  <target name="testCustomFilterRedirectorMapping">
    <cactifywar srcfile="${src.dir}/empty-2_3.war"
        destfile="${work.dir}/destfile.war">
      <filterredirector mapping="/test/filterRedirector"/>
    </cactifywar>
  </target>

  <target name="testCustomFilterRedirectorMappingIgnored">
    <cactifywar srcfile="${src.dir}/empty-2_2.war"
        destfile="${work.dir}/destfile.war">
      <filterredirector mapping="/test/filterRedirector"/>
    </cactifywar>
  </target>

  <target name="testMultipleNamedServletRedirectors">
    <cactifywar srcfile="${src.dir}/empty-2_3.war"
        destfile="${work.dir}/destfile.war">
      <servletredirector name="ServletRedirector"
          mapping="/test/ServletRedirector"/>
      <servletredirector name="ServletRedirectorSecure"
          mapping="/test/ServletRedirectorSecure"/>
    </cactifywar>
  </target>

  <target name="testMultipleNamedJspRedirectors">
    <cactifywar srcfile="${src.dir}/empty-2_3.war"
        destfile="${work.dir}/destfile.war">
      <jspredirector name="JspRedirector"
          mapping="/test/JspRedirector"/>
      <jspredirector name="JspRedirectorSecure"
          mapping="/test/JspRedirectorSecure"/>
    </cactifywar>
  </target>

  <target name="testMultipleNamedFilterRedirectors">
    <cactifywar srcfile="${src.dir}/empty-2_3.war"
        destfile="${work.dir}/destfile.war">
      <filterredirector name="FilterRedirector"
          mapping="/test/FilterRedirector"/>
      <filterredirector name="FilterRedirectorSecure"
          mapping="/test/FilterRedirectorSecure"/>
    </cactifywar>
  </target>

  <target name="testSecuredServletRedirector">
    <cactifywar srcfile="${src.dir}/empty-2_3.war"
        destfile="${work.dir}/destfile.war">
      <servletredirector name="ServletRedirectorSecure"
          mapping="/ServletRedirectorSecure"
          roles="test, cactus"/>
    </cactifywar>
  </target>

  <target name="testLoginConfigNotOverwritten">
    <cactifywar srcfile="${src.dir}/formloginconfig.war"
        destfile="${work.dir}/destfile.war">
      <servletredirector name="ServletRedirectorSecure"
          mapping="/ServletRedirectorSecure"
          roles="test"/>
    </cactifywar>
  </target>

  <target name="testNoDuplicateJars">
    <cactifywar srcfile="${src.dir}/containscactusjars.war"
        destfile="${work.dir}/destfile.war"/>
  </target>

  <target name="testAddWeblogicEjbRefs">
    <cactifywar srcfile="${src.dir}/weblogic.war"
        destfile="${work.dir}/destfile.war">
        <ejbref name="MyEjb" 
                ejbInterface="com.wombat.MyEjb" 
                ejbHomeInterface="com.wombat.MyEjbHome"
                jndiName="/wombat/MyEjb"
                type="Session"/>
    </cactifywar>
  </target>

  <target name="tearDown">
    <delete dir="${work.dir}"/>
  </target>

</project>
